<?xml version="1.0" encoding="UTF-8"?>
<!-- Generated by org.testng.reporters.JUnitXMLReporter -->
<testsuite hostname="TX717-7310MSL" name="Test Suite" tests="2" failures="0" timestamp="3 Oct 2017 18:13:33 GMT" time="11.692" errors="0">
  <testcase name="runTC_NewApplication_HomePageValidation" time="11.035" classname="testscripts.NewApplication.TC_NewApplication_HomePageValidation"/>
  <testcase name="runTC_NewApplication_Login" time="11.648" classname="testscripts.NewApplication.TC_NewApplication_Login"/>
</testsuite> <!-- Test Suite -->
