<?xml version="1.0" encoding="UTF-8"?>
<!-- Generated by org.testng.reporters.JUnitXMLReporter -->
<testsuite hostname="TX717-7310MSL" name="TestSuite1" tests="2" failures="0" timestamp="30 Jan 2018 17:25:55 GMT" time="49.53" errors="0">
  <testcase name="runTC_NewApplication_MRI_001" time="47.86" classname="testscripts.MRI.TC_MRI_001_RenewThisLease"/>
  <testcase name="runTC_NewApplication_MRI_001" time="49.487" classname="testscripts.MRI.TC_MRI_002_TransferToAnotherSuite"/>
</testsuite> <!-- TestSuite1 -->
