<?xml version="1.0" encoding="UTF-8"?>
<!-- Generated by org.testng.reporters.JUnitXMLReporter -->
<testsuite hostname="TX717-7310MSL" name="TestSuite1" tests="2" failures="2" timestamp="30 Jan 2018 17:23:44 GMT" time="6.016" errors="0">
  <testcase name="runTC_NewApplication_MRI_001" time="5.367" classname="testscripts.MRI.TC_MRI_002_TransferToAnotherSuite">
    <failure type="com.cognizant.framework.FrameworkException" message="The specified file &amp;quot;C:\Users\GDeo\Downloads\CICD-Pipeline\CICD-Pipeline\src\test\resources\Datatables\MRI.xls&amp;quot; does not exist!">
      <![CDATA[com.cognizant.framework.FrameworkException: The specified file "C:\Users\GDeo\Downloads\CICD-Pipeline\CICD-Pipeline\src\test\resources\Datatables\MRI.xls" does not exist!
	at com.cognizant.framework.ExcelDataAccess.openFileForReading(ExcelDataAccess.java:86)
	at com.cognizant.framework.ExcelDataAccess.getRowNum(ExcelDataAccess.java:156)
	at com.cognizant.framework.ExcelDataAccess.getRowNum(ExcelDataAccess.java:231)
	at com.cognizant.Craft.DriverScript.initializeBusinessFlow(DriverScript.java:556)
	at com.cognizant.Craft.DriverScript.initializeTestScript(DriverScript.java:544)
	at com.cognizant.Craft.DriverScript.executeCraft(DriverScript.java:156)
	at com.cognizant.Craft.DriverScript.driveTestExecution(DriverScript.java:150)
	at testscripts.MRI.TC_MRI_002_TransferToAnotherSuite.runTC_NewApplication_MRI_001(TC_MRI_002_TransferToAnotherSuite.java:34)
	at java.util.concurrent.ThreadPoolExecutor.runWorker(ThreadPoolExecutor.java:1149)
	at java.util.concurrent.ThreadPoolExecutor$Worker.run(ThreadPoolExecutor.java:624)
	at java.lang.Thread.run(Thread.java:748)
... Removed 10 stack frames]]>
    </failure>
  </testcase> <!-- runTC_NewApplication_MRI_001 -->
  <testcase name="runTC_NewApplication_MRI_001" time="5.984" classname="testscripts.MRI.TC_MRI_001_RenewThisLease">
    <failure type="com.cognizant.framework.FrameworkException" message="The specified file &amp;quot;C:\Users\GDeo\Downloads\CICD-Pipeline\CICD-Pipeline\src\test\resources\Datatables\MRI.xls&amp;quot; does not exist!">
      <![CDATA[com.cognizant.framework.FrameworkException: The specified file "C:\Users\GDeo\Downloads\CICD-Pipeline\CICD-Pipeline\src\test\resources\Datatables\MRI.xls" does not exist!
	at com.cognizant.framework.ExcelDataAccess.openFileForReading(ExcelDataAccess.java:86)
	at com.cognizant.framework.ExcelDataAccess.getRowNum(ExcelDataAccess.java:156)
	at com.cognizant.framework.ExcelDataAccess.getRowNum(ExcelDataAccess.java:231)
	at com.cognizant.Craft.DriverScript.initializeBusinessFlow(DriverScript.java:556)
	at com.cognizant.Craft.DriverScript.initializeTestScript(DriverScript.java:544)
	at com.cognizant.Craft.DriverScript.executeCraft(DriverScript.java:156)
	at com.cognizant.Craft.DriverScript.driveTestExecution(DriverScript.java:150)
	at testscripts.MRI.TC_MRI_001_RenewThisLease.runTC_NewApplication_MRI_001(TC_MRI_001_RenewThisLease.java:34)
	at java.util.concurrent.ThreadPoolExecutor.runWorker(ThreadPoolExecutor.java:1149)
	at java.util.concurrent.ThreadPoolExecutor$Worker.run(ThreadPoolExecutor.java:624)
	at java.lang.Thread.run(Thread.java:748)
... Removed 10 stack frames]]>
    </failure>
  </testcase> <!-- runTC_NewApplication_MRI_001 -->
</testsuite> <!-- TestSuite1 -->
