<?xml version="1.0" encoding="UTF-8"?>
<testsuite xmlns:xsi="http://www.w3.org/2001/XMLSchema-instance" xsi:schemaLocation="https://maven.apache.org/surefire/maven-surefire-plugin/xsd/surefire-test-report.xsd" name="TestSuite" time="7.667" tests="3" errors="0" skipped="0" failures="3">
  <properties>
[...]
</properties>
  <testcase name="runTC_LaunchGoogle_Pass02" classname="testscripts.MRI.TC_LaunchGoogle_Pass02" time="0.35">
    <failure message="Cannot find firefox binary in PATH. Make sure firefox is installed. OS appears to be: WIN10&#10;Build info: version: &apos;3.6.0&apos;, revision: &apos;6fbf3ec767&apos;, time: &apos;2017-09-27T15:28:36.4Z&apos;&#10;System info: host: &apos;TX717-7310MSL&apos;, ip: &apos;10.45.41.66&apos;, os.name: &apos;Windows 10&apos;, os.arch: &apos;amd64&apos;, os.version: &apos;10.0&apos;, java.version: &apos;1.8.0_144&apos;&#10;Driver info: driver.version: FirefoxDriver" type="org.openqa.selenium.WebDriverException">org.openqa.selenium.WebDriverException: 
Cannot find firefox binary in PATH. Make sure firefox is installed. OS appears to be: WIN10
Build info: version: '3.6.0', revision: '6fbf3ec767', time: '2017-09-27T15:28:36.4Z'
System info: host: 'TX717-7310MSL', ip: '10.45.41.66', os.name: 'Windows 10', os.arch: 'amd64', os.version: '10.0', java.version: '1.8.0_144'
Driver info: driver.version: FirefoxDriver
	at testscripts.MRI.TC_LaunchGoogle_Pass02.runTC_LaunchGoogle_Pass02(TC_LaunchGoogle_Pass02.java:31)
</failure>
  </testcase>
  <testcase name="runTC_LaunchGoogle_Fail03" classname="testscripts.MRI.TC_LaunchGoogle_Fail03" time="5.356">
    <failure message="java.net.SocketException: Connection reset&#10;Build info: version: &apos;3.6.0&apos;, revision: &apos;6fbf3ec767&apos;, time: &apos;2017-09-27T15:28:36.4Z&apos;&#10;System info: host: &apos;TX717-7310MSL&apos;, ip: &apos;10.45.41.66&apos;, os.name: &apos;Windows 10&apos;, os.arch: &apos;amd64&apos;, os.version: &apos;10.0&apos;, java.version: &apos;1.8.0_144&apos;&#10;Driver info: driver.version: InternetExplorerDriver" type="org.openqa.selenium.WebDriverException">org.openqa.selenium.WebDriverException: 
java.net.SocketException: Connection reset
Build info: version: '3.6.0', revision: '6fbf3ec767', time: '2017-09-27T15:28:36.4Z'
System info: host: 'TX717-7310MSL', ip: '10.45.41.66', os.name: 'Windows 10', os.arch: 'amd64', os.version: '10.0', java.version: '1.8.0_144'
Driver info: driver.version: InternetExplorerDriver
	at testscripts.MRI.TC_LaunchGoogle_Fail03.runTC_LaunchGoogle_Fail03(TC_LaunchGoogle_Fail03.java:31)
Caused by: java.net.SocketException: Connection reset
	at testscripts.MRI.TC_LaunchGoogle_Fail03.runTC_LaunchGoogle_Fail03(TC_LaunchGoogle_Fail03.java:31)
</failure>
  </testcase>
  <testcase name="runTC_LaunchGoogle_Pass01" classname="testscripts.MRI.TC_LaunchGoogle_Pass01" time="5.412">
    <failure message="java.net.SocketException: Connection reset&#10;Build info: version: &apos;3.6.0&apos;, revision: &apos;6fbf3ec767&apos;, time: &apos;2017-09-27T15:28:36.4Z&apos;&#10;System info: host: &apos;TX717-7310MSL&apos;, ip: &apos;10.45.41.66&apos;, os.name: &apos;Windows 10&apos;, os.arch: &apos;amd64&apos;, os.version: &apos;10.0&apos;, java.version: &apos;1.8.0_144&apos;&#10;Driver info: driver.version: InternetExplorerDriver" type="org.openqa.selenium.WebDriverException">org.openqa.selenium.WebDriverException: 
java.net.SocketException: Connection reset
Build info: version: '3.6.0', revision: '6fbf3ec767', time: '2017-09-27T15:28:36.4Z'
System info: host: 'TX717-7310MSL', ip: '10.45.41.66', os.name: 'Windows 10', os.arch: 'amd64', os.version: '10.0', java.version: '1.8.0_144'
Driver info: driver.version: InternetExplorerDriver
	at testscripts.MRI.TC_LaunchGoogle_Pass01.runTC_LaunchGoogle_Pass01(TC_LaunchGoogle_Pass01.java:31)
Caused by: java.net.SocketException: Connection reset
	at testscripts.MRI.TC_LaunchGoogle_Pass01.runTC_LaunchGoogle_Pass01(TC_LaunchGoogle_Pass01.java:31)
</failure>
  </testcase>
</testsuite>